Linux tarragon 6.1.49-chargebyte-640416-g95daf66a2f26-dirty #24 PREEMPT Sun Oct 15 11:33:54 CEST 2023 armv7l armv7l armv7l GNU/Linux

Sun Oct 15 12:10:22 CEST 2023
#kernel
Sun Oct 15 12:10:23 CEST 2023
#kernel
Sun Oct 15 12:10:24 CEST 2023
#kernel
IpInReceives                    1                  0.0
IpInDelivers                    1                  0.0
UdpIgnoredMulti                 1                  0.0
IpExtInBcastPkts                1                  0.0
IpExtInOctets                   201                0.0
IpExtInBcastOctets              201                0.0
IpExtInNoECTPkts                1                  0.0
Sun Oct 15 12:10:26 CEST 2023
#kernel
IpInReceives                    3868               0.0
IpInDelivers                    3868               0.0
IpOutRequests                   600                0.0
TcpActiveOpens                  1                  0.0
TcpInSegs                       3868               0.0
TcpOutSegs                      7948               0.0
TcpExtTCPPureAcks               51                 0.0
TcpExtTCPHPAcks                 3769               0.0
TcpExtTCPBacklogCoalesce        31                 0.0
TcpExtTCPAutoCorking            3                  0.0
TcpExtTCPOrigDataSent           7900               0.0
TcpExtTCPHystartTrainDetect     1                  0.0
TcpExtTCPHystartTrainCwnd       20                 0.0
TcpExtTCPDelivered              7869               0.0
IpExtInOctets                   200312             0.0
IpExtOutOctets                  11470304           0.0
IpExtInNoECTPkts                3852               0.0
Sun Oct 15 12:10:27 CEST 2023
#kernel
IpInReceives                    4158               0.0
IpInDelivers                    4158               0.0
IpOutRequests                   543                0.0
TcpInSegs                       4158               0.0
TcpOutSegs                      8462               0.0
TcpExtTCPHPAcks                 4142               0.0
TcpExtTCPBacklogCoalesce        17                 0.0
TcpExtTCPOrigDataSent           8468               0.0
TcpExtTCPDelivered              8489               0.0
IpExtInOctets                   216528             0.0
IpExtOutOctets                  12347924           0.0
IpExtInNoECTPkts                4164               0.0
Sun Oct 15 12:10:28 CEST 2023
#kernel
IpInReceives                    4099               0.0
IpInDelivers                    4099               0.0
IpOutRequests                   558                0.0
TcpInSegs                       4098               0.0
TcpOutSegs                      8378               0.0
UdpIgnoredMulti                 1                  0.0
TcpExtTCPHPAcks                 4093               0.0
TcpExtTCPBacklogCoalesce        7                  0.0
TcpExtTCPOrigDataSent           8399               0.0
TcpExtTCPDelivered              8382               0.0
IpExtInBcastPkts                1                  0.0
IpExtInOctets                   213141             0.0
IpExtOutOctets                  12132796           0.0
IpExtInBcastOctets              201                0.0
IpExtInNoECTPkts                4096               0.0
Sun Oct 15 12:10:29 CEST 2023
#kernel
IpInReceives                    4100               0.0
IpInDelivers                    4100               0.0
IpOutRequests                   548                0.0
TcpInSegs                       4100               0.0
TcpOutSegs                      8454               0.0
TcpExtTCPHPAcks                 4078               0.0
TcpExtTCPBacklogCoalesce        18                 0.0
TcpExtTCPOrigDataSent           8426               0.0
TcpExtTCPDelivered              8407               0.0
IpExtInOctets                   212992             0.0
IpExtOutOctets                  12229292           0.0
IpExtInNoECTPkts                4096               0.0
Sun Oct 15 12:10:30 CEST 2023
#kernel
IpInReceives                    4095               0.0
IpInDelivers                    4095               0.0
IpOutRequests                   529                0.0
TcpInSegs                       4095               0.0
TcpOutSegs                      8338               0.0
TcpExtTCPHPAcks                 4091               0.0
TcpExtTCPBacklogCoalesce        12                 0.0
TcpExtTCPOrigDataSent           8385               0.0
TcpExtTCPDelivered              8388               0.0
IpExtInOctets                   213356             0.0
IpExtOutOctets                  12169092           0.0
IpExtInNoECTPkts                4103               0.0
Sun Oct 15 12:10:31 CEST 2023
#kernel
IpInReceives                    4112               0.0
IpInDelivers                    4112               0.0
IpOutRequests                   559                0.0
TcpInSegs                       4116               0.0
TcpOutSegs                      8453               0.0
UdpIgnoredMulti                 1                  0.0
TcpExtTCPHPAcks                 4088               0.0
TcpExtTCPBacklogCoalesce        23                 0.0
TcpExtTCPAutoCorking            1                  0.0
TcpExtTCPOrigDataSent           8453               0.0
TcpExtTCPDelivered              8447               0.0
IpExtInBcastPkts                1                  0.0
IpExtInOctets                   213973             0.0
IpExtOutOctets                  12269012           0.0
IpExtInBcastOctets              201                0.0
IpExtInNoECTPkts                4112               0.0
Sun Oct 15 12:10:32 CEST 2023
#kernel
IpInReceives                    4067               0.0
IpInDelivers                    4067               0.0
IpOutRequests                   557                0.0
TcpInSegs                       4062               0.0
TcpOutSegs                      8412               0.0
TcpExtTCPHPAcks                 4040               0.0
TcpExtTCPBacklogCoalesce        23                 0.0
TcpExtTCPOrigDataSent           8412               0.0
TcpExtTCPDelivered              8407               0.0
IpExtInOctets                   211484             0.0
IpExtOutOctets                  12209540           0.0
IpExtInNoECTPkts                4067               0.0
Sun Oct 15 12:10:33 CEST 2023
#kernel
IpInReceives                    4047               0.0
IpInDelivers                    4047               0.0
IpOutRequests                   534                0.0
IcmpOutMsgs                     2                  0.0
IcmpOutDestUnreachs             2                  0.0
IcmpMsgOutType3                 2                  0.0
TcpInSegs                       4045               0.0
TcpOutSegs                      8364               0.0
UdpNoPorts                      2                  0.0
TcpExtTCPHPAcks                 4018               0.0
TcpExtTCPBacklogCoalesce        27                 0.0
TcpExtTCPOrigDataSent           8315               0.0
TcpExtTCPDelivered              8319               0.0
IpExtInOctets                   210288             0.0
IpExtOutOctets                  12067892           0.0
IpExtInNoECTPkts                4043               0.0
Sun Oct 15 12:10:34 CEST 2023
#kernel
IpInReceives                    4061               0.0
IpInDelivers                    4061               0.0
IpOutRequests                   528                0.0
TcpInSegs                       4060               0.0
TcpOutSegs                      8316               0.0
UdpIgnoredMulti                 1                  0.0
TcpExtTCPHPAcks                 4046               0.0
TcpExtTCPBacklogCoalesce        13                 0.0
TcpExtTCPOrigDataSent           8345               0.0
TcpExtTCPDelivered              8361               0.0
IpExtInBcastPkts                1                  0.0
IpExtInOctets                   211269             0.0
IpExtOutOctets                  12111068           0.0
IpExtInBcastOctets              201                0.0
IpExtInNoECTPkts                4060               0.0
Sun Oct 15 12:10:35 CEST 2023
#kernel
IpInReceives                    1968               0.0
IpInDelivers                    1968               0.0
IpOutRequests                   253                0.0
TcpInSegs                       1968               0.0
TcpOutSegs                      3992               0.0
TcpExtTW                        1                  0.0
TcpExtTCPPureAcks               74                 0.0
TcpExtTCPHPAcks                 1902               0.0
TcpExtTCPBacklogCoalesce        5                  0.0
TcpExtTCPAutoCorking            1                  0.0
TcpExtTCPOrigDataSent           4011               0.0
TcpExtTCPDelivered              4046               0.0
IpExtInOctets                   103064             0.0
IpExtOutOctets                  5820992            0.0
IpExtInNoECTPkts                1982               0.0
Sun Oct 15 12:10:36 CEST 2023
#kernel
IpInReceives                    1                  0.0
IpInDelivers                    1                  0.0
UdpIgnoredMulti                 1                  0.0
IpExtInBcastPkts                1                  0.0
IpExtInOctets                   201                0.0
IpExtInBcastOctets              201                0.0
IpExtInNoECTPkts                1                  0.0
Sun Oct 15 12:10:37 CEST 2023
#kernel
Sun Oct 15 12:10:38 CEST 2023
#kernel
IpInReceives                    1                  0.0
IpExtInOctets                   73                 0.0
IpExtInNoECTPkts                1                  0.0
Sun Oct 15 12:10:39 CEST 2023
#kernel
IpInReceives                    1                  0.0
IpInDelivers                    1                  0.0
UdpIgnoredMulti                 1                  0.0
IpExtInBcastPkts                1                  0.0
IpExtInOctets                   201                0.0
IpExtInBcastOctets              201                0.0
IpExtInNoECTPkts                1                  0.0
Sun Oct 15 12:10:40 CEST 2023
#kernel
Sun Oct 15 12:10:41 CEST 2023
#kernel
Sun Oct 15 12:10:42 CEST 2023
#kernel
IpInReceives                    1                  0.0
IpInDelivers                    1                  0.0
UdpIgnoredMulti                 1                  0.0
IpExtInBcastPkts                1                  0.0
IpExtInOctets                   201                0.0
IpExtInBcastOctets              201                0.0
IpExtInNoECTPkts                1                  0.0
Sun Oct 15 12:10:43 CEST 2023
#kernel
IpInReceives                    2                  0.0
IpInDelivers                    2                  0.0
IpOutRequests                   2                  0.0
IcmpOutMsgs                     2                  0.0
IcmpOutDestUnreachs             2                  0.0
IcmpMsgOutType3                 2                  0.0
UdpNoPorts                      2                  0.0
IpExtInOctets                   156                0.0
IpExtOutOctets                  212                0.0
IpExtInNoECTPkts                2                  0.0
Sun Oct 15 12:10:44 CEST 2023
#kernel
