Linux stefanw-SCHENKER 6.2.0-34-generic #34~22.04.1-Ubuntu SMP PREEMPT_DYNAMIC Thu Sep  7 13:12:03 UTC 2 x86_64 x86_64 x86_64 GNU/Linux

So 15. Okt 12:02:02 CEST 2023
#kernel
So 15. Okt 12:02:03 CEST 2023
#kernel
IpInReceives                    1                  0.0
IpInDelivers                    1                  0.0
UdpIgnoredMulti                 1                  0.0
IpExtInBcastPkts                1                  0.0
IpExtInOctets                   201                0.0
IpExtInBcastOctets              201                0.0
IpExtInNoECTPkts                1                  0.0
So 15. Okt 12:02:04 CEST 2023
#kernel
So 15. Okt 12:02:05 CEST 2023
#kernel
So 15. Okt 12:02:06 CEST 2023
#kernel
IpInReceives                    1                  0.0
IpInDelivers                    1                  0.0
UdpIgnoredMulti                 1                  0.0
IpExtInBcastPkts                1                  0.0
IpExtInOctets                   201                0.0
IpExtInBcastOctets              201                0.0
IpExtInNoECTPkts                1                  0.0
So 15. Okt 12:02:07 CEST 2023
#kernel
So 15. Okt 12:02:08 CEST 2023
#kernel
So 15. Okt 12:02:09 CEST 2023
#kernel
IpInReceives                    1                  0.0
IpInDelivers                    1                  0.0
UdpIgnoredMulti                 1                  0.0
IpExtInBcastPkts                1                  0.0
IpExtInOctets                   201                0.0
IpExtInBcastOctets              201                0.0
IpExtInNoECTPkts                1                  0.0
So 15. Okt 12:02:10 CEST 2023
#kernel
So 15. Okt 12:02:11 CEST 2023
#kernel
So 15. Okt 12:02:12 CEST 2023
#kernel
IpInReceives                    1                  0.0
IpInDelivers                    1                  0.0
UdpIgnoredMulti                 1                  0.0
IpExtInBcastPkts                1                  0.0
IpExtInOctets                   201                0.0
IpExtInBcastOctets              201                0.0
IpExtInNoECTPkts                1                  0.0
So 15. Okt 12:02:13 CEST 2023
#kernel
IpInReceives                    2                  0.0
IpInDelivers                    2                  0.0
IpOutRequests                   2                  0.0
IcmpOutMsgs                     2                  0.0
IcmpOutDestUnreachs             2                  0.0
IcmpMsgOutType3                 2                  0.0
UdpNoPorts                      2                  0.0
IpExtInOctets                   156                0.0
IpExtOutOctets                  212                0.0
IpExtInNoECTPkts                2                  0.0
So 15. Okt 12:02:14 CEST 2023
#kernel
So 15. Okt 12:02:15 CEST 2023
#kernel
IpInReceives                    1                  0.0
IpInDelivers                    1                  0.0
UdpIgnoredMulti                 1                  0.0
IpExtInBcastPkts                1                  0.0
IpExtInOctets                   201                0.0
IpExtInBcastOctets              201                0.0
IpExtInNoECTPkts                1                  0.0
So 15. Okt 12:02:16 CEST 2023
#kernel
So 15. Okt 12:02:17 CEST 2023
#kernel
So 15. Okt 12:02:18 CEST 2023
#kernel
IpInReceives                    1                  0.0
IpInDelivers                    1                  0.0
UdpIgnoredMulti                 1                  0.0
IpExtInBcastPkts                1                  0.0
IpExtInOctets                   201                0.0
IpExtInBcastOctets              201                0.0
IpExtInNoECTPkts                1                  0.0
So 15. Okt 12:02:19 CEST 2023
#kernel
So 15. Okt 12:02:20 CEST 2023
#kernel
So 15. Okt 12:02:21 CEST 2023
#kernel
IpInReceives                    1                  0.0
IpInDelivers                    1                  0.0
UdpIgnoredMulti                 1                  0.0
IpExtInBcastPkts                1                  0.0
IpExtInOctets                   201                0.0
IpExtInBcastOctets              201                0.0
IpExtInNoECTPkts                1                  0.0
So 15. Okt 12:02:22 CEST 2023
#kernel
IpInReceives                    1259               0.0
IpInDelivers                    1259               0.0
IpOutRequests                   682                0.0
TcpPassiveOpens                 1                  0.0
TcpInSegs                       1259               0.0
TcpOutSegs                      682                0.0
TcpExtTCPHPHits                 1                  0.0
TcpExtTCPPureAcks               1                  0.0
TcpExtTCPRcvCoalesce            91                 0.0
IpExtInOctets                   2041996            0.0
IpExtOutOctets                  35472              0.0
IpExtInNoECTPkts                1367               0.0
So 15. Okt 12:02:23 CEST 2023
#kernel
IpInReceives                    6257               0.0
IpInDelivers                    6257               0.0
IpOutRequests                   3281               0.0
TcpInSegs                       6257               0.0
TcpOutSegs                      3281               0.0
TcpExtTCPRcvCoalesce            53                 0.0
IpExtInOctets                   10594476           0.0
IpExtOutOctets                  170560             0.0
IpExtInNoECTPkts                7092               0.0
So 15. Okt 12:02:24 CEST 2023
#kernel
IpInReceives                    6367               0.0
IpInDelivers                    6367               0.0
IpOutRequests                   3307               0.0
IcmpOutMsgs                     2                  0.0
IcmpOutDestUnreachs             2                  0.0
IcmpMsgOutType3                 2                  0.0
TcpInSegs                       6364               0.0
TcpOutSegs                      3305               0.0
UdpNoPorts                      2                  0.0
UdpIgnoredMulti                 1                  0.0
TcpExtTCPRcvCoalesce            255                0.0
IpExtInBcastPkts                1                  0.0
IpExtInOctets                   10629461           0.0
IpExtOutOctets                  172072             0.0
IpExtInBcastOctets              201                0.0
IpExtInNoECTPkts                7115               0.0
So 15. Okt 12:02:26 CEST 2023
#kernel
IpInReceives                    6285               0.0
IpInDelivers                    6285               0.0
IpOutRequests                   3261               0.0
TcpInSegs                       6285               0.0
TcpOutSegs                      3261               0.0
TcpExtTCPRcvCoalesce            296                0.0
IpExtInOctets                   10462820           0.0
IpExtOutOctets                  169572             0.0
IpExtInNoECTPkts                7000               0.0
So 15. Okt 12:02:27 CEST 2023
#kernel
IpInReceives                    6327               0.0
IpInDelivers                    6327               0.0
IpOutRequests                   3277               0.0
TcpInSegs                       6327               0.0
TcpOutSegs                      3277               0.0
TcpExtTCPRcvCoalesce            305                0.0
IpExtInOctets                   10533060           0.0
IpExtOutOctets                  170404             0.0
IpExtInNoECTPkts                7047               0.0
So 15. Okt 12:02:28 CEST 2023
#kernel
IpInReceives                    6223               0.0
IpInDelivers                    6223               0.0
IpOutRequests                   3283               0.0
TcpInSegs                       6222               0.0
TcpOutSegs                      3283               0.0
UdpIgnoredMulti                 1                  0.0
TcpExtTCPRcvCoalesce            34                 0.0
IpExtInBcastPkts                1                  0.0
IpExtInOctets                   10632161           0.0
IpExtOutOctets                  170768             0.0
IpExtInBcastOctets              201                0.0
IpExtInNoECTPkts                7120               0.0
So 15. Okt 12:02:29 CEST 2023
#kernel
IpInReceives                    6287               0.0
IpInDelivers                    6287               0.0
IpOutRequests                   3277               0.0
TcpInSegs                       6288               0.0
TcpOutSegs                      3277               0.0
TcpExtTCPRcvCoalesce            105                0.0
IpExtInOctets                   10575764           0.0
IpExtOutOctets                  170352             0.0
IpExtInNoECTPkts                7078               0.0
So 15. Okt 12:02:30 CEST 2023
#kernel
IpInReceives                    6356               0.0
IpInDelivers                    6356               0.0
IpOutRequests                   3299               0.0
TcpInSegs                       6355               0.0
TcpOutSegs                      3299               0.0
TcpExtTCPRcvCoalesce            222                0.0
IpExtInOctets                   10627240           0.0
IpExtOutOctets                  171548             0.0
IpExtInNoECTPkts                7111               0.0
So 15. Okt 12:02:31 CEST 2023
#kernel
IpInReceives                    6324               0.0
IpInDelivers                    6324               0.0
IpOutRequests                   3276               0.0
TcpInSegs                       6324               0.0
TcpOutSegs                      3276               0.0
UdpIgnoredMulti                 1                  0.0
TcpExtTCPRcvCoalesce            240                0.0
IpExtInBcastPkts                1                  0.0
IpExtInOctets                   10559117           0.0
IpExtOutOctets                  170352             0.0
IpExtInBcastOctets              201                0.0
IpExtInNoECTPkts                7066               0.0
So 15. Okt 12:02:32 CEST 2023
#kernel
IpInReceives                    7473               0.0
IpInDelivers                    7473               0.0
IpOutRequests                   3831               0.0
TcpInSegs                       7472               0.0
TcpOutSegs                      3831               0.0
TcpExtTCPRcvCoalesce            160                0.0
IpExtInOctets                   11704768           0.0
IpExtOutOctets                  199264             0.0
IpExtInNoECTPkts                7815               0.0
So 15. Okt 12:02:33 CEST 2023
#kernel
IpInReceives                    6209               0.0
IpInDelivers                    6209               0.0
IpOutRequests                   3204               0.0
TcpInSegs                       6209               0.0
TcpOutSegs                      3204               0.0
TcpExtTCPPureAcks               1                  0.0
TcpExtTCPRcvCoalesce            106                0.0
TcpExtTCPOrigDataSent           1                  0.0
TcpExtTCPDelivered              1                  0.0
IpExtInOctets                   9765256            0.0
IpExtOutOctets                  166608             0.0
IpExtInNoECTPkts                6522               0.0
So 15. Okt 12:02:34 CEST 2023
#kernel
IpInReceives                    2                  0.0
IpInDelivers                    2                  0.0
IpOutRequests                   1                  0.0
UdpInDatagrams                  1                  0.0
UdpOutDatagrams                 1                  0.0
UdpIgnoredMulti                 1                  0.0
IpExtInBcastPkts                1                  0.0
IpExtInOctets                   277                0.0
IpExtOutOctets                  76                 0.0
IpExtInBcastOctets              201                0.0
IpExtInNoECTPkts                2                  0.0
So 15. Okt 12:02:35 CEST 2023
#kernel
IpInReceives                    2                  0.0
IpInDelivers                    2                  0.0
IpOutRequests                   2                  0.0
IcmpOutMsgs                     2                  0.0
IcmpOutDestUnreachs             2                  0.0
IcmpMsgOutType3                 2                  0.0
UdpNoPorts                      2                  0.0
IpExtInOctets                   156                0.0
IpExtOutOctets                  212                0.0
IpExtInNoECTPkts                2                  0.0
So 15. Okt 12:02:36 CEST 2023
#kernel
So 15. Okt 12:02:37 CEST 2023
#kernel
IpInReceives                    1                  0.0
IpInDelivers                    1                  0.0
UdpIgnoredMulti                 1                  0.0
IpExtInBcastPkts                1                  0.0
IpExtInOctets                   201                0.0
IpExtInBcastOctets              201                0.0
IpExtInNoECTPkts                1                  0.0
So 15. Okt 12:02:38 CEST 2023
#kernel
So 15. Okt 12:02:39 CEST 2023
#kernel
IpInReceives                    2                  0.0
IpInDelivers                    2                  0.0
IpOutRequests                   2                  0.0
UdpInDatagrams                  2                  0.0
UdpOutDatagrams                 2                  0.0
Ip6InReceives                   1                  0.0
Ip6InDelivers                   1                  0.0
Ip6OutRequests                  1                  0.0
Ip6OutNoRoutes                  1                  0.0
Ip6InMcastPkts                  1                  0.0
Ip6OutMcastPkts                 1                  0.0
Ip6InOctets                     93                 0.0
Ip6OutOctets                    93                 0.0
Ip6InMcastOctets                93                 0.0
Ip6OutMcastOctets               93                 0.0
Ip6InNoECTPkts                  1                  0.0
Udp6InDatagrams                 1                  0.0
Udp6OutDatagrams                1                  0.0
IpExtInMcastPkts                2                  0.0
IpExtOutMcastPkts               2                  0.0
IpExtInOctets                   146                0.0
IpExtOutOctets                  146                0.0
IpExtInMcastOctets              146                0.0
IpExtOutMcastOctets             146                0.0
IpExtInNoECTPkts                2                  0.0
So 15. Okt 12:02:40 CEST 2023
#kernel
IpInReceives                    1                  0.0
IpInDelivers                    1                  0.0
UdpIgnoredMulti                 1                  0.0
IpExtInBcastPkts                1                  0.0
IpExtInOctets                   201                0.0
IpExtInBcastOctets              201                0.0
IpExtInNoECTPkts                1                  0.0
So 15. Okt 12:02:41 CEST 2023
#kernel
So 15. Okt 12:02:42 CEST 2023
#kernel
So 15. Okt 12:02:43 CEST 2023
#kernel
IpInReceives                    1                  0.0
IpInDelivers                    1                  0.0
UdpIgnoredMulti                 1                  0.0
IpExtInBcastPkts                1                  0.0
IpExtInOctets                   201                0.0
IpExtInBcastOctets              201                0.0
IpExtInNoECTPkts                1                  0.0
So 15. Okt 12:02:44 CEST 2023
#kernel
So 15. Okt 12:02:45 CEST 2023
#kernel
So 15. Okt 12:02:46 CEST 2023
#kernel
IpInReceives                    3                  0.0
IpInDelivers                    3                  0.0
IpOutRequests                   2                  0.0
IcmpOutMsgs                     2                  0.0
IcmpOutDestUnreachs             2                  0.0
IcmpMsgOutType3                 2                  0.0
UdpNoPorts                      2                  0.0
UdpIgnoredMulti                 1                  0.0
IpExtInBcastPkts                1                  0.0
IpExtInOctets                   357                0.0
IpExtOutOctets                  212                0.0
IpExtInBcastOctets              201                0.0
IpExtInNoECTPkts                3                  0.0
So 15. Okt 12:02:47 CEST 2023
#kernel
So 15. Okt 12:02:48 CEST 2023
#kernel
So 15. Okt 12:02:49 CEST 2023
#kernel
IpInReceives                    1                  0.0
IpInDelivers                    1                  0.0
UdpIgnoredMulti                 1                  0.0
IpExtInBcastPkts                1                  0.0
IpExtInOctets                   201                0.0
IpExtInBcastOctets              201                0.0
IpExtInNoECTPkts                1                  0.0
So 15. Okt 12:02:50 CEST 2023
#kernel
So 15. Okt 12:02:51 CEST 2023
#kernel
So 15. Okt 12:02:52 CEST 2023
#kernel
IpInReceives                    1                  0.0
IpInDelivers                    1                  0.0
UdpIgnoredMulti                 1                  0.0
IpExtInBcastPkts                1                  0.0
IpExtInOctets                   201                0.0
IpExtInBcastOctets              201                0.0
IpExtInNoECTPkts                1                  0.0
So 15. Okt 12:02:53 CEST 2023
#kernel
IpInReceives                    1                  0.0
IpInDelivers                    1                  0.0
IpOutRequests                   1                  0.0
UdpInDatagrams                  1                  0.0
UdpOutDatagrams                 1                  0.0
Ip6OutNoRoutes                  6                  0.0
IpExtInOctets                   254                0.0
IpExtOutOctets                  86                 0.0
IpExtInNoECTPkts                1                  0.0
