Linux tarragon 6.1.49-chargebyte-640416-g95daf66a2f26-dirty #24 PREEMPT Sun Oct 15 11:33:54 CEST 2023 armv7l armv7l armv7l GNU/Linux

Sun Oct 15 12:02:19 CEST 2023
#kernel
Sun Oct 15 12:02:20 CEST 2023
#kernel
Sun Oct 15 12:02:21 CEST 2023
#kernel
Sun Oct 15 12:02:22 CEST 2023
#kernel
IpInReceives                    1                  0.0
IpInDelivers                    1                  0.0
UdpIgnoredMulti                 1                  0.0
IpExtInBcastPkts                1                  0.0
IpExtInOctets                   201                0.0
IpExtInBcastOctets              201                0.0
IpExtInNoECTPkts                1                  0.0
Sun Oct 15 12:02:23 CEST 2023
#kernel
IpInReceives                    2149               0.0
IpInDelivers                    2149               0.0
IpOutRequests                   247                0.0
TcpActiveOpens                  1                  0.0
TcpInSegs                       2154               0.0
TcpOutSegs                      4562               0.0
TcpExtTCPPureAcks               56                 0.0
TcpExtTCPHPAcks                 2075               0.0
TcpExtTCPBacklogCoalesce        3                  0.0
TcpExtTCPAutoCorking            1                  0.0
TcpExtTCPOrigDataSent           4560               0.0
TcpExtTCPHystartTrainDetect     1                  0.0
TcpExtTCPHystartTrainCwnd       20                 0.0
TcpExtTCPDelivered              4516               0.0
IpExtInOctets                   111028             0.0
IpExtOutOctets                  6615732            0.0
IpExtInNoECTPkts                2135               0.0
Sun Oct 15 12:02:24 CEST 2023
#kernel
IpInReceives                    3436               0.0
IpInDelivers                    3436               0.0
IpOutRequests                   332                0.0
IcmpOutMsgs                     2                  0.0
IcmpOutDestUnreachs             2                  0.0
IcmpMsgOutType3                 2                  0.0
TcpInSegs                       3429               0.0
TcpOutSegs                      7425               0.0
UdpNoPorts                      2                  0.0
TcpExtTCPHPAcks                 3417               0.0
TcpExtTCPBacklogCoalesce        24                 0.0
TcpExtTCPOrigDataSent           7380               0.0
TcpExtTCPDelivered              7410               0.0
IpExtInOctets                   179088             0.0
IpExtOutOctets                  10703508           0.0
IpExtInNoECTPkts                3443               0.0
Sun Oct 15 12:02:25 CEST 2023
#kernel
IpInReceives                    3432               0.0
IpInDelivers                    3432               0.0
IpOutRequests                   326                0.0
TcpInSegs                       3433               0.0
TcpOutSegs                      7380               0.0
UdpIgnoredMulti                 1                  0.0
TcpExtTCPHPAcks                 3398               0.0
TcpExtTCPBacklogCoalesce        26                 0.0
TcpExtTCPOrigDataSent           7380               0.0
TcpExtTCPDelivered              7362               0.0
IpExtInBcastPkts                1                  0.0
IpExtInOctets                   178457             0.0
IpExtOutOctets                  10703296           0.0
IpExtInBcastOctets              201                0.0
IpExtInNoECTPkts                3429               0.0
Sun Oct 15 12:02:26 CEST 2023
#kernel
IpInReceives                    3437               0.0
IpInDelivers                    3437               0.0
IpOutRequests                   330                0.0
TcpInSegs                       3440               0.0
TcpOutSegs                      7380               0.0
TcpExtTCPHPAcks                 3414               0.0
TcpExtTCPBacklogCoalesce        31                 0.0
TcpExtTCPOrigDataSent           7380               0.0
TcpExtTCPDelivered              7399               0.0
IpExtInOctets                   178932             0.0
IpExtOutOctets                  10703296           0.0
IpExtInNoECTPkts                3441               0.0
Sun Oct 15 12:02:27 CEST 2023
#kernel
IpInReceives                    3456               0.0
IpInDelivers                    3456               0.0
IpOutRequests                   332                0.0
TcpInSegs                       3451               0.0
TcpOutSegs                      7470               0.0
TcpExtTCPHPAcks                 3434               0.0
TcpExtTCPBacklogCoalesce        20                 0.0
TcpExtTCPOrigDataSent           7470               0.0
TcpExtTCPDelivered              7468               0.0
IpExtInOctets                   179608             0.0
IpExtOutOctets                  10833824           0.0
IpExtInNoECTPkts                3454               0.0
Sun Oct 15 12:02:28 CEST 2023
#kernel
IpInReceives                    3438               0.0
IpInDelivers                    3438               0.0
IpOutRequests                   330                0.0
TcpInSegs                       3441               0.0
TcpOutSegs                      7425               0.0
UdpIgnoredMulti                 1                  0.0
TcpExtTCPHPAcks                 3427               0.0
TcpExtTCPBacklogCoalesce        11                 0.0
TcpExtTCPOrigDataSent           7425               0.0
TcpExtTCPDelivered              7436               0.0
IpExtInBcastPkts                1                  0.0
IpExtInOctets                   178977             0.0
IpExtOutOctets                  10768560           0.0
IpExtInBcastOctets              201                0.0
IpExtInNoECTPkts                3439               0.0
Sun Oct 15 12:02:29 CEST 2023
#kernel
IpInReceives                    3433               0.0
IpInDelivers                    3433               0.0
IpOutRequests                   330                0.0
TcpInSegs                       3429               0.0
TcpOutSegs                      7425               0.0
TcpExtTCPHPAcks                 3404               0.0
TcpExtTCPBacklogCoalesce        25                 0.0
TcpExtTCPOrigDataSent           7425               0.0
TcpExtTCPDelivered              7406               0.0
IpExtInOctets                   178568             0.0
IpExtOutOctets                  10768560           0.0
IpExtInNoECTPkts                3434               0.0
Sun Oct 15 12:02:30 CEST 2023
#kernel
IpInReceives                    3422               0.0
IpInDelivers                    3422               0.0
IpOutRequests                   326                0.0
TcpInSegs                       3422               0.0
TcpOutSegs                      7335               0.0
TcpExtTCPHPAcks                 3386               0.0
TcpExtTCPBacklogCoalesce        37                 0.0
TcpExtTCPOrigDataSent           7380               0.0
TcpExtTCPDelivered              7358               0.0
IpExtInOctets                   177736             0.0
IpExtOutOctets                  10703296           0.0
IpExtInNoECTPkts                3418               0.0
Sun Oct 15 12:02:31 CEST 2023
#kernel
IpInReceives                    3908               0.0
IpInDelivers                    3908               0.0
IpOutRequests                   280                0.0
TcpInSegs                       3907               0.0
TcpOutSegs                      8112               0.0
UdpIgnoredMulti                 1                  0.0
TcpExtTCPHPAcks                 3882               0.0
TcpExtTCPBacklogCoalesce        22                 0.0
TcpExtTCPOrigDataSent           8112               0.0
TcpExtTCPDelivered              8070               0.0
IpExtInBcastPkts                1                  0.0
IpExtInOctets                   203209             0.0
IpExtOutOctets                  11760736           0.0
IpExtInBcastOctets              201                0.0
IpExtInNoECTPkts                3905               0.0
Sun Oct 15 12:02:32 CEST 2023
#kernel
IpInReceives                    3870               0.0
IpInDelivers                    3870               0.0
IpOutRequests                   238                0.0
TcpInSegs                       3870               0.0
TcpOutSegs                      7814               0.0
TcpExtTW                        1                  0.0
TcpExtTCPPureAcks               151                0.0
TcpExtTCPHPAcks                 3718               0.0
TcpExtTCPBacklogCoalesce        13                 0.0
TcpExtTCPOrigDataSent           7813               0.0
TcpExtTCPDelivered              7901               0.0
IpExtInOctets                   201916             0.0
IpExtOutOctets                  11325528           0.0
IpExtInNoECTPkts                3883               0.0
Sun Oct 15 12:02:33 CEST 2023
#kernel
Sun Oct 15 12:02:34 CEST 2023
#kernel
IpInReceives                    3                  0.0
IpInDelivers                    3                  0.0
IpOutRequests                   2                  0.0
IcmpOutMsgs                     2                  0.0
IcmpOutDestUnreachs             2                  0.0
IcmpMsgOutType3                 2                  0.0
UdpNoPorts                      2                  0.0
UdpIgnoredMulti                 1                  0.0
IpExtInBcastPkts                1                  0.0
IpExtInOctets                   357                0.0
IpExtOutOctets                  212                0.0
IpExtInBcastOctets              201                0.0
IpExtInNoECTPkts                3                  0.0
Sun Oct 15 12:02:35 CEST 2023
#kernel
Sun Oct 15 12:02:37 CEST 2023
#kernel
IpInReceives                    1                  0.0
IpInDelivers                    1                  0.0
UdpIgnoredMulti                 1                  0.0
IpExtInBcastPkts                1                  0.0
IpExtInOctets                   201                0.0
IpExtInBcastOctets              201                0.0
IpExtInNoECTPkts                1                  0.0
Sun Oct 15 12:02:38 CEST 2023
#kernel
IpInReceives                    1                  0.0
IpExtInOctets                   73                 0.0
IpExtInNoECTPkts                1                  0.0
Sun Oct 15 12:02:39 CEST 2023
#kernel
IpInReceives                    1                  0.0
IpInDelivers                    1                  0.0
UdpInDatagrams                  1                  0.0
Ip6InReceives                   1                  0.0
Ip6InDelivers                   1                  0.0
Ip6InMcastPkts                  1                  0.0
Ip6InOctets                     93                 0.0
Ip6InMcastOctets                93                 0.0
Ip6InNoECTPkts                  1                  0.0
Udp6InDatagrams                 1                  0.0
IpExtInMcastPkts                1                  0.0
IpExtInOctets                   73                 0.0
IpExtInMcastOctets              73                 0.0
IpExtInNoECTPkts                1                  0.0
Sun Oct 15 12:02:40 CEST 2023
#kernel
IpInReceives                    1                  0.0
IpInDelivers                    1                  0.0
UdpIgnoredMulti                 1                  0.0
IpExtInBcastPkts                1                  0.0
IpExtInOctets                   201                0.0
IpExtInBcastOctets              201                0.0
IpExtInNoECTPkts                1                  0.0
Sun Oct 15 12:02:41 CEST 2023
#kernel
Sun Oct 15 12:02:42 CEST 2023
#kernel
Sun Oct 15 12:02:43 CEST 2023
#kernel
IpInReceives                    1                  0.0
IpInDelivers                    1                  0.0
UdpIgnoredMulti                 1                  0.0
IpExtInBcastPkts                1                  0.0
IpExtInOctets                   201                0.0
IpExtInBcastOctets              201                0.0
IpExtInNoECTPkts                1                  0.0
Sun Oct 15 12:02:44 CEST 2023
#kernel
