Linux stefanw-SCHENKER 6.2.0-34-generic #34~22.04.1-Ubuntu SMP PREEMPT_DYNAMIC Thu Sep  7 13:12:03 UTC 2 x86_64 x86_64 x86_64 GNU/Linux

2: enp45s0: <BROADCAST,MULTICAST,UP,LOWER_UP> mtu 1500 qdisc fq_codel state UP mode DEFAULT group default qlen 1000
    link/ether d4:93:90:12:28:a3 brd ff:ff:ff:ff:ff:ff

tcp_congestion_control: cubic
tcp_tso_rtt_log: 9

Fr 13. Okt 15:22:35 CEST 2023
State Recv-Q Send-Q Local Address:Port Peer Address:PortProcess
Fr 13. Okt 15:22:36 CEST 2023
State Recv-Q Send-Q Local Address:Port Peer Address:PortProcess
Fr 13. Okt 15:22:37 CEST 2023
State Recv-Q Send-Q Local Address:Port Peer Address:PortProcess
Fr 13. Okt 15:22:38 CEST 2023
State Recv-Q Send-Q Local Address:Port Peer Address:PortProcess
Fr 13. Okt 15:22:39 CEST 2023
State Recv-Q Send-Q Local Address:Port Peer Address:PortProcess
Fr 13. Okt 15:22:40 CEST 2023
State Recv-Q Send-Q Local Address:Port Peer Address:PortProcess
Fr 13. Okt 15:22:41 CEST 2023
State Recv-Q Send-Q Local Address:Port Peer Address:PortProcess
Fr 13. Okt 15:22:42 CEST 2023
State Recv-Q Send-Q Local Address:Port Peer Address:PortProcess
Fr 13. Okt 15:22:43 CEST 2023
State Recv-Q Send-Q Local Address:Port Peer Address:PortProcess
Fr 13. Okt 15:22:44 CEST 2023
State Recv-Q Send-Q Local Address:Port Peer Address:PortProcess
Fr 13. Okt 15:22:45 CEST 2023
State Recv-Q Send-Q Local Address:Port Peer Address:PortProcess
Fr 13. Okt 15:22:46 CEST 2023
State Recv-Q Send-Q Local Address:Port Peer Address:PortProcess
Fr 13. Okt 15:22:47 CEST 2023
State Recv-Q Send-Q Local Address:Port Peer Address:PortProcess
Fr 13. Okt 15:22:48 CEST 2023
State Recv-Q Send-Q Local Address:Port Peer Address:PortProcess
Fr 13. Okt 15:22:49 CEST 2023
State Recv-Q Send-Q Local Address:Port Peer Address:PortProcess
Fr 13. Okt 15:22:50 CEST 2023
State Recv-Q Send-Q Local Address:Port Peer Address:PortProcess
Fr 13. Okt 15:22:51 CEST 2023
State Recv-Q Send-Q Local Address:Port Peer Address:PortProcess
Fr 13. Okt 15:22:52 CEST 2023
State Recv-Q Send-Q Local Address:Port Peer Address:PortProcess
Fr 13. Okt 15:22:53 CEST 2023
State Recv-Q Send-Q Local Address:Port Peer Address:PortProcess
Fr 13. Okt 15:22:54 CEST 2023
State Recv-Q Send-Q Local Address:Port Peer Address:PortProcess
Fr 13. Okt 15:22:55 CEST 2023
State Recv-Q Send-Q Local Address:Port Peer Address:PortProcess
Fr 13. Okt 15:22:56 CEST 2023
State Recv-Q Send-Q Local Address:Port Peer Address:PortProcess
Fr 13. Okt 15:22:57 CEST 2023
State Recv-Q Send-Q Local Address:Port Peer Address:PortProcess
Fr 13. Okt 15:22:58 CEST 2023
State Recv-Q Send-Q Local Address:Port Peer Address:PortProcess
Fr 13. Okt 15:22:59 CEST 2023
State Recv-Q Send-Q Local Address:Port Peer Address:PortProcess
Fr 13. Okt 15:23:00 CEST 2023
State Recv-Q Send-Q Local Address:Port Peer Address:PortProcess
Fr 13. Okt 15:23:01 CEST 2023
State Recv-Q Send-Q Local Address:Port Peer Address:PortProcess
Fr 13. Okt 15:23:02 CEST 2023
State Recv-Q Send-Q Local Address:Port Peer Address:Port Process
ESTAB 0      0      192.168.1.129:5001 192.168.1.12:39228 uid:1000 ino:83430 sk:2002 cgroup:/user.slice/user-1000.slice/user@1000.service/app.slice/app-org.gnome.Terminal.slice/vte-spawn-384dbf86-64d4-4232-aa46-1f2a921f220a.scope <->
	 skmem:(r0,rb444616,t2,tb87040,f0,w0,o0,bl0,d0) ts sack cubic wscale:6,7 rto:208 rtt:1.901/0.95 ato:40 mss:1448 pmtu:1500 rcvmss:1448 advmss:1448 cwnd:10 bytes_received:876040 segs_out:317 segs_in:607 data_segs_in:605 send 60936349bps lastsnd:80 pacing_rate 121872696bps delivered:1 app_limited rcv_rtt:2.467 rcv_space:39096 rcv_ssthresh:221220 minrtt:1.901
Fr 13. Okt 15:23:03 CEST 2023
State Recv-Q Send-Q Local Address:Port Peer Address:Port Process
ESTAB 0      0      192.168.1.129:5001 192.168.1.12:39228 uid:1000 ino:83430 sk:2002 cgroup:/user.slice/user-1000.slice/user@1000.service/app.slice/app-org.gnome.Terminal.slice/vte-spawn-384dbf86-64d4-4232-aa46-1f2a921f220a.scope <->
	 skmem:(r0,rb444616,t0,tb87040,f0,w0,o0,bl0,d0) ts sack cubic wscale:6,7 rto:208 rtt:1.901/0.95 ato:40 mss:1448 pmtu:1500 rcvmss:1448 advmss:1448 cwnd:10 bytes_received:11113400 segs_out:3589 segs_in:7677 data_segs_in:7675 send 60936349bps lastsnd:1096 pacing_rate 121872696bps delivered:1 app_limited rcv_rtt:1.722 rcv_space:39096 rcv_ssthresh:221220 minrtt:1.901
Fr 13. Okt 15:23:04 CEST 2023
State Recv-Q Send-Q Local Address:Port Peer Address:Port Process
ESTAB 0      0      192.168.1.129:5001 192.168.1.12:39228 uid:1000 ino:83430 sk:2002 cgroup:/user.slice/user-1000.slice/user@1000.service/app.slice/app-org.gnome.Terminal.slice/vte-spawn-384dbf86-64d4-4232-aa46-1f2a921f220a.scope <->
	 skmem:(r0,rb444616,t2,tb87040,f0,w0,o0,bl0,d0) ts sack cubic wscale:6,7 rto:208 rtt:1.901/0.95 ato:40 mss:1448 pmtu:1500 rcvmss:1448 advmss:1448 cwnd:10 bytes_received:21342072 segs_out:6866 segs_in:14741 data_segs_in:14739 send 60936349bps lastsnd:2112 pacing_rate 121872696bps delivered:1 app_limited rcv_rtt:1.731 rcv_space:39096 rcv_ssthresh:221220 minrtt:1.901
Fr 13. Okt 15:23:05 CEST 2023
State Recv-Q Send-Q Local Address:Port Peer Address:Port Process
ESTAB 2896   0      192.168.1.129:5001 192.168.1.12:39228 uid:1000 ino:83430 sk:2002 cgroup:/user.slice/user-1000.slice/user@1000.service/app.slice/app-org.gnome.Terminal.slice/vte-spawn-384dbf86-64d4-4232-aa46-1f2a921f220a.scope <->
	 skmem:(r4096,rb444616,t0,tb87040,f0,w0,o0,bl0,d0) ts sack cubic wscale:6,7 rto:208 rtt:1.901/0.95 ato:40 mss:1448 pmtu:1500 rcvmss:1448 advmss:1448 cwnd:10 bytes_received:31562056 segs_out:10127 segs_in:21799 data_segs_in:21797 send 60936349bps lastsnd:3128 pacing_rate 121872696bps delivered:1 app_limited rcv_rtt:1.733 rcv_space:39096 rcv_ssthresh:221220 minrtt:1.901
Fr 13. Okt 15:23:06 CEST 2023
State Recv-Q Send-Q Local Address:Port Peer Address:Port Process
ESTAB 0      0      192.168.1.129:5001 192.168.1.12:39228 uid:1000 ino:83430 sk:2002 cgroup:/user.slice/user-1000.slice/user@1000.service/app.slice/app-org.gnome.Terminal.slice/vte-spawn-384dbf86-64d4-4232-aa46-1f2a921f220a.scope <->
	 skmem:(r0,rb444616,t0,tb87040,f0,w0,o0,bl0,d0) ts sack cubic wscale:6,7 rto:208 rtt:1.901/0.95 ato:40 mss:1448 pmtu:1500 rcvmss:1448 advmss:1448 cwnd:10 bytes_received:41792176 segs_out:13391 segs_in:28864 data_segs_in:28862 send 60936349bps lastsnd:4144 pacing_rate 121872696bps delivered:1 app_limited rcv_rtt:1.796 rcv_space:39096 rcv_ssthresh:221220 minrtt:1.901
Fr 13. Okt 15:23:07 CEST 2023
State Recv-Q Send-Q Local Address:Port Peer Address:Port Process
ESTAB 0      0      192.168.1.129:5001 192.168.1.12:39228 uid:1000 ino:83430 sk:2002 cgroup:/user.slice/user-1000.slice/user@1000.service/app.slice/app-org.gnome.Terminal.slice/vte-spawn-384dbf86-64d4-4232-aa46-1f2a921f220a.scope <->
	 skmem:(r0,rb444616,t2,tb87040,f0,w0,o0,bl0,d0) ts sack cubic wscale:6,7 rto:208 rtt:1.901/0.95 ato:40 mss:1448 pmtu:1500 rcvmss:1448 advmss:1448 cwnd:10 bytes_received:51974512 segs_out:16653 segs_in:35896 data_segs_in:35894 send 60936349bps lastsnd:5160 pacing_rate 121872696bps delivered:1 app_limited rcv_rtt:1.801 rcv_space:39096 rcv_ssthresh:221220 minrtt:1.901
Fr 13. Okt 15:23:08 CEST 2023
State Recv-Q Send-Q Local Address:Port Peer Address:Port Process
ESTAB 0      0      192.168.1.129:5001 192.168.1.12:39228 uid:1000 ino:83430 sk:2002 cgroup:/user.slice/user-1000.slice/user@1000.service/app.slice/app-org.gnome.Terminal.slice/vte-spawn-384dbf86-64d4-4232-aa46-1f2a921f220a.scope <->
	 skmem:(r0,rb444616,t0,tb87040,f0,w0,o0,bl0,d0) ts sack cubic wscale:6,7 rto:208 rtt:1.901/0.95 ato:40 mss:1448 pmtu:1500 rcvmss:1448 advmss:1448 cwnd:10 bytes_received:62214768 segs_out:19921 segs_in:42968 data_segs_in:42966 send 60936349bps lastsnd:6176 pacing_rate 121872696bps delivered:1 app_limited rcv_rtt:1.725 rcv_space:39096 rcv_ssthresh:221220 minrtt:1.901
Fr 13. Okt 15:23:09 CEST 2023
State Recv-Q Send-Q Local Address:Port Peer Address:Port Process
ESTAB 0      0      192.168.1.129:5001 192.168.1.12:39228 uid:1000 ino:83430 sk:2002 cgroup:/user.slice/user-1000.slice/user@1000.service/app.slice/app-org.gnome.Terminal.slice/vte-spawn-384dbf86-64d4-4232-aa46-1f2a921f220a.scope <->
	 skmem:(r0,rb444616,t0,tb87040,f0,w0,o0,bl0,d0) ts sack cubic wscale:6,7 rto:208 rtt:1.901/0.95 ato:40 mss:1448 pmtu:1500 rcvmss:1448 advmss:1448 cwnd:10 bytes_received:72441992 segs_out:23180 segs_in:50031 data_segs_in:50029 send 60936349bps lastsnd:7192 pacing_rate 121872696bps delivered:1 app_limited rcv_rtt:1.803 rcv_space:39096 rcv_ssthresh:221220 minrtt:1.901
Fr 13. Okt 15:23:10 CEST 2023
State Recv-Q Send-Q Local Address:Port Peer Address:Port Process
ESTAB 0      0      192.168.1.129:5001 192.168.1.12:39228 uid:1000 ino:83430 sk:2002 cgroup:/user.slice/user-1000.slice/user@1000.service/app.slice/app-org.gnome.Terminal.slice/vte-spawn-384dbf86-64d4-4232-aa46-1f2a921f220a.scope <->
	 skmem:(r0,rb444616,t0,tb87040,f0,w0,o0,bl0,d0) ts sack cubic wscale:6,7 rto:208 rtt:1.901/0.95 ato:40 mss:1448 pmtu:1500 rcvmss:1448 advmss:1448 cwnd:10 bytes_received:82659080 segs_out:26447 segs_in:57087 data_segs_in:57085 send 60936349bps lastsnd:8204 pacing_rate 121872696bps delivered:1 app_limited rcv_rtt:1.866 rcv_space:39096 rcv_ssthresh:221220 minrtt:1.901
Fr 13. Okt 15:23:12 CEST 2023
State Recv-Q Send-Q Local Address:Port Peer Address:Port Process
ESTAB 0      0      192.168.1.129:5001 192.168.1.12:39228 uid:1000 ino:83430 sk:2002 cgroup:/user.slice/user-1000.slice/user@1000.service/app.slice/app-org.gnome.Terminal.slice/vte-spawn-384dbf86-64d4-4232-aa46-1f2a921f220a.scope <->
	 skmem:(r0,rb444616,t0,tb87040,f0,w0,o0,bl0,d0) ts sack cubic wscale:6,7 rto:208 rtt:1.901/0.95 ato:40 mss:1448 pmtu:1500 rcvmss:1448 advmss:1448 cwnd:10 bytes_received:92889200 segs_out:29709 segs_in:64152 data_segs_in:64150 send 60936349bps lastsnd:9220 pacing_rate 121872696bps delivered:1 app_limited rcv_rtt:1.787 rcv_space:39096 rcv_ssthresh:221220 minrtt:1.901
Fr 13. Okt 15:23:13 CEST 2023
State Recv-Q Send-Q Local Address:Port Peer Address:PortProcess
Fr 13. Okt 15:23:14 CEST 2023
State Recv-Q Send-Q Local Address:Port Peer Address:PortProcess
Fr 13. Okt 15:23:15 CEST 2023
State Recv-Q Send-Q Local Address:Port Peer Address:PortProcess
Fr 13. Okt 15:23:16 CEST 2023
State Recv-Q Send-Q Local Address:Port Peer Address:PortProcess
Fr 13. Okt 15:23:17 CEST 2023
State Recv-Q Send-Q Local Address:Port Peer Address:PortProcess
Fr 13. Okt 15:23:18 CEST 2023
State Recv-Q Send-Q Local Address:Port Peer Address:PortProcess
Fr 13. Okt 15:23:19 CEST 2023
State Recv-Q Send-Q Local Address:Port Peer Address:PortProcess
Fr 13. Okt 15:23:20 CEST 2023
State Recv-Q Send-Q Local Address:Port Peer Address:PortProcess
Fr 13. Okt 15:23:21 CEST 2023
State Recv-Q Send-Q Local Address:Port Peer Address:PortProcess
Fr 13. Okt 15:23:22 CEST 2023
State Recv-Q Send-Q Local Address:Port Peer Address:PortProcess
Fr 13. Okt 15:23:23 CEST 2023
State Recv-Q Send-Q Local Address:Port Peer Address:PortProcess
Fr 13. Okt 15:23:24 CEST 2023
State Recv-Q Send-Q Local Address:Port Peer Address:PortProcess
Fr 13. Okt 15:23:25 CEST 2023
State Recv-Q Send-Q Local Address:Port Peer Address:PortProcess
Fr 13. Okt 15:23:26 CEST 2023
State Recv-Q Send-Q Local Address:Port Peer Address:PortProcess
Fr 13. Okt 15:23:27 CEST 2023
State Recv-Q Send-Q Local Address:Port Peer Address:PortProcess
Fr 13. Okt 15:23:28 CEST 2023
State Recv-Q Send-Q Local Address:Port Peer Address:PortProcess
Fr 13. Okt 15:23:29 CEST 2023
State Recv-Q Send-Q Local Address:Port Peer Address:PortProcess
Fr 13. Okt 15:23:30 CEST 2023
State Recv-Q Send-Q Local Address:Port Peer Address:PortProcess
Fr 13. Okt 15:23:31 CEST 2023
State Recv-Q Send-Q Local Address:Port Peer Address:PortProcess
Fr 13. Okt 15:23:32 CEST 2023
State Recv-Q Send-Q Local Address:Port Peer Address:PortProcess
Fr 13. Okt 15:23:33 CEST 2023
State Recv-Q Send-Q Local Address:Port Peer Address:PortProcess
Fr 13. Okt 15:23:34 CEST 2023
State Recv-Q Send-Q Local Address:Port Peer Address:PortProcess
Fr 13. Okt 15:23:35 CEST 2023
State Recv-Q Send-Q Local Address:Port Peer Address:PortProcess
Fr 13. Okt 15:23:36 CEST 2023
State Recv-Q Send-Q Local Address:Port Peer Address:PortProcess
