Linux stefanw-SCHENKER 6.2.0-34-generic #34~22.04.1-Ubuntu SMP PREEMPT_DYNAMIC Thu Sep  7 13:12:03 UTC 2 x86_64 x86_64 x86_64 GNU/Linux

2: enp45s0: <BROADCAST,MULTICAST,UP,LOWER_UP> mtu 1500 qdisc fq_codel state UP mode DEFAULT group default qlen 1000
    link/ether d4:93:90:12:28:a3 brd ff:ff:ff:ff:ff:ff

tcp_congestion_control: cubic
tcp_tso_rtt_log: 9

Fr 13. Okt 15:03:54 CEST 2023
State Recv-Q Send-Q Local Address:Port Peer Address:PortProcess
Fr 13. Okt 15:03:55 CEST 2023
State Recv-Q Send-Q Local Address:Port Peer Address:PortProcess
Fr 13. Okt 15:03:56 CEST 2023
State Recv-Q Send-Q Local Address:Port Peer Address:PortProcess
Fr 13. Okt 15:03:57 CEST 2023
State Recv-Q Send-Q Local Address:Port Peer Address:PortProcess
Fr 13. Okt 15:03:58 CEST 2023
State Recv-Q Send-Q Local Address:Port Peer Address:PortProcess
Fr 13. Okt 15:03:59 CEST 2023
State Recv-Q Send-Q Local Address:Port Peer Address:PortProcess
Fr 13. Okt 15:04:00 CEST 2023
State Recv-Q Send-Q Local Address:Port Peer Address:PortProcess
Fr 13. Okt 15:04:01 CEST 2023
State Recv-Q Send-Q Local Address:Port Peer Address:PortProcess
Fr 13. Okt 15:04:02 CEST 2023
State Recv-Q Send-Q Local Address:Port Peer Address:PortProcess
Fr 13. Okt 15:04:03 CEST 2023
State Recv-Q Send-Q Local Address:Port Peer Address:PortProcess
Fr 13. Okt 15:04:04 CEST 2023
State Recv-Q Send-Q Local Address:Port Peer Address:PortProcess
Fr 13. Okt 15:04:05 CEST 2023
State Recv-Q Send-Q Local Address:Port Peer Address:PortProcess
Fr 13. Okt 15:04:06 CEST 2023
State Recv-Q Send-Q Local Address:Port Peer Address:PortProcess
Fr 13. Okt 15:04:07 CEST 2023
State Recv-Q Send-Q Local Address:Port Peer Address:PortProcess
Fr 13. Okt 15:04:08 CEST 2023
State Recv-Q Send-Q Local Address:Port Peer Address:PortProcess
Fr 13. Okt 15:04:09 CEST 2023
State Recv-Q Send-Q Local Address:Port Peer Address:PortProcess
Fr 13. Okt 15:04:10 CEST 2023
State Recv-Q Send-Q Local Address:Port Peer Address:PortProcess
Fr 13. Okt 15:04:11 CEST 2023
State Recv-Q Send-Q Local Address:Port Peer Address:PortProcess
Fr 13. Okt 15:04:12 CEST 2023
State Recv-Q Send-Q Local Address:Port Peer Address:PortProcess
Fr 13. Okt 15:04:13 CEST 2023
State Recv-Q Send-Q Local Address:Port Peer Address:PortProcess
Fr 13. Okt 15:04:14 CEST 2023
State Recv-Q Send-Q Local Address:Port Peer Address:PortProcess
Fr 13. Okt 15:04:15 CEST 2023
State Recv-Q Send-Q Local Address:Port Peer Address:PortProcess
Fr 13. Okt 15:04:16 CEST 2023
State Recv-Q Send-Q Local Address:Port Peer Address:PortProcess
Fr 13. Okt 15:04:17 CEST 2023
State Recv-Q Send-Q Local Address:Port Peer Address:PortProcess
Fr 13. Okt 15:04:18 CEST 2023
State Recv-Q Send-Q Local Address:Port Peer Address:PortProcess
Fr 13. Okt 15:04:19 CEST 2023
State Recv-Q Send-Q Local Address:Port Peer Address:PortProcess
Fr 13. Okt 15:04:20 CEST 2023
State Recv-Q Send-Q Local Address:Port Peer Address:PortProcess
Fr 13. Okt 15:04:21 CEST 2023
State Recv-Q Send-Q Local Address:Port Peer Address:PortProcess
Fr 13. Okt 15:04:22 CEST 2023
State Recv-Q Send-Q Local Address:Port Peer Address:PortProcess
Fr 13. Okt 15:04:23 CEST 2023
State Recv-Q Send-Q Local Address:Port Peer Address:PortProcess
Fr 13. Okt 15:04:24 CEST 2023
State Recv-Q Send-Q Local Address:Port Peer Address:PortProcess
Fr 13. Okt 15:04:25 CEST 2023
State Recv-Q Send-Q Local Address:Port Peer Address:PortProcess
Fr 13. Okt 15:04:26 CEST 2023
State Recv-Q Send-Q Local Address:Port Peer Address:PortProcess
Fr 13. Okt 15:04:27 CEST 2023
State Recv-Q Send-Q Local Address:Port Peer Address:PortProcess
Fr 13. Okt 15:04:28 CEST 2023
State Recv-Q Send-Q Local Address:Port Peer Address:PortProcess
Fr 13. Okt 15:04:29 CEST 2023
State Recv-Q Send-Q Local Address:Port Peer Address:Port Process
ESTAB 0      0      192.168.1.129:5001 192.168.1.12:33284 uid:1000 ino:77561 sk:1001 cgroup:/user.slice/user-1000.slice/user@1000.service/app.slice/app-org.gnome.Terminal.slice/vte-spawn-384dbf86-64d4-4232-aa46-1f2a921f220a.scope <->
	 skmem:(r0,rb537120,t2,tb87040,f0,w0,o0,bl0,d0) ts sack cubic wscale:6,7 rto:208 rtt:2.298/1.149 ato:40 mss:1448 pmtu:1500 rcvmss:1448 advmss:1448 cwnd:10 bytes_received:10231568 segs_out:3456 segs_in:7068 data_segs_in:7066 send 50409051bps lastsnd:896 pacing_rate 100818096bps delivered:1 app_limited rcv_rtt:3.06 rcv_space:40544 rcv_ssthresh:267472 minrtt:2.298
Fr 13. Okt 15:04:30 CEST 2023
State Recv-Q Send-Q Local Address:Port Peer Address:Port Process
ESTAB 0      0      192.168.1.129:5001 192.168.1.12:33284 uid:1000 ino:77561 sk:1001 cgroup:/user.slice/user-1000.slice/user@1000.service/app.slice/app-org.gnome.Terminal.slice/vte-spawn-384dbf86-64d4-4232-aa46-1f2a921f220a.scope <->
	 skmem:(r0,rb537120,t2,tb87040,f0,w0,o0,bl0,d0) ts sack cubic wscale:6,7 rto:208 rtt:2.298/1.149 ato:40 mss:1448 pmtu:1500 rcvmss:1448 advmss:1448 cwnd:10 bytes_received:21892312 segs_out:7367 segs_in:15121 data_segs_in:15119 send 50409051bps lastsnd:1912 pacing_rate 100818096bps delivered:1 app_limited rcv_rtt:2.79 rcv_space:40544 rcv_ssthresh:267472 minrtt:2.298
Fr 13. Okt 15:04:31 CEST 2023
State Recv-Q Send-Q Local Address:Port Peer Address:Port Process
ESTAB 0      0      192.168.1.129:5001 192.168.1.12:33284 uid:1000 ino:77561 sk:1001 cgroup:/user.slice/user-1000.slice/user@1000.service/app.slice/app-org.gnome.Terminal.slice/vte-spawn-384dbf86-64d4-4232-aa46-1f2a921f220a.scope <->
	 skmem:(r0,rb537120,t0,tb87040,f0,w0,o0,bl0,d0) ts sack cubic wscale:6,7 rto:208 rtt:2.298/1.149 ato:40 mss:1448 pmtu:1500 rcvmss:1448 advmss:1448 cwnd:10 bytes_received:33485000 segs_out:11219 segs_in:23127 data_segs_in:23125 send 50409051bps lastsnd:2928 pacing_rate 100818096bps delivered:1 app_limited rcv_rtt:2.633 rcv_space:40544 rcv_ssthresh:267472 minrtt:2.298
Fr 13. Okt 15:04:32 CEST 2023
State Recv-Q Send-Q Local Address:Port Peer Address:Port Process
ESTAB 0      0      192.168.1.129:5001 192.168.1.12:33284 uid:1000 ino:77561 sk:1001 cgroup:/user.slice/user-1000.slice/user@1000.service/app.slice/app-org.gnome.Terminal.slice/vte-spawn-384dbf86-64d4-4232-aa46-1f2a921f220a.scope <->
	 skmem:(r0,rb537120,t0,tb87040,f0,w0,o0,bl0,d0) ts sack cubic wscale:6,7 rto:208 rtt:2.298/1.149 ato:40 mss:1448 pmtu:1500 rcvmss:1448 advmss:1448 cwnd:10 bytes_received:45167464 segs_out:15106 segs_in:31195 data_segs_in:31193 send 50409051bps lastsnd:3944 pacing_rate 100818096bps delivered:1 app_limited rcv_rtt:2.898 rcv_space:41992 rcv_ssthresh:267472 minrtt:2.298
Fr 13. Okt 15:04:33 CEST 2023
State Recv-Q Send-Q Local Address:Port Peer Address:Port Process
ESTAB 0      0      192.168.1.129:5001 192.168.1.12:33284 uid:1000 ino:77561 sk:1001 cgroup:/user.slice/user-1000.slice/user@1000.service/app.slice/app-org.gnome.Terminal.slice/vte-spawn-384dbf86-64d4-4232-aa46-1f2a921f220a.scope <->
	 skmem:(r0,rb537120,t2,tb87040,f0,w0,o0,bl0,d0) ts sack cubic wscale:6,7 rto:208 rtt:2.298/1.149 ato:40 mss:1448 pmtu:1500 rcvmss:1448 advmss:1448 cwnd:10 bytes_received:56813728 segs_out:18977 segs_in:39238 data_segs_in:39236 send 50409051bps lastsnd:4960 pacing_rate 100818096bps delivered:1 app_limited rcv_rtt:2.566 rcv_space:41992 rcv_ssthresh:267472 minrtt:2.298
Fr 13. Okt 15:04:34 CEST 2023
State Recv-Q Send-Q Local Address:Port Peer Address:Port Process
ESTAB 0      0      192.168.1.129:5001 192.168.1.12:33284 uid:1000 ino:77561 sk:1001 cgroup:/user.slice/user-1000.slice/user@1000.service/app.slice/app-org.gnome.Terminal.slice/vte-spawn-384dbf86-64d4-4232-aa46-1f2a921f220a.scope <->
	 skmem:(r0,rb537120,t2,tb87040,f0,w0,o0,bl0,d0) ts sack cubic wscale:6,7 rto:208 rtt:2.298/1.149 ato:40 mss:1448 pmtu:1500 rcvmss:1448 advmss:1448 cwnd:10 bytes_received:68425240 segs_out:22841 segs_in:47257 data_segs_in:47255 send 50409051bps lastsnd:5976 pacing_rate 100818096bps delivered:1 app_limited rcv_rtt:3.219 rcv_space:43440 rcv_ssthresh:267472 minrtt:2.298
Fr 13. Okt 15:04:35 CEST 2023
State Recv-Q Send-Q Local Address:Port Peer Address:Port Process
ESTAB 0      0      192.168.1.129:5001 192.168.1.12:33284 uid:1000 ino:77561 sk:1001 cgroup:/user.slice/user-1000.slice/user@1000.service/app.slice/app-org.gnome.Terminal.slice/vte-spawn-384dbf86-64d4-4232-aa46-1f2a921f220a.scope <->
	 skmem:(r0,rb537120,t0,tb87040,f0,w0,o0,bl0,d0) ts sack cubic wscale:6,7 rto:208 rtt:2.298/1.149 ato:40 mss:1448 pmtu:1500 rcvmss:1448 advmss:1448 cwnd:10 bytes_received:79999104 segs_out:26688 segs_in:55250 data_segs_in:55248 send 50409051bps lastsnd:6992 pacing_rate 100818096bps delivered:1 app_limited rcv_rtt:2.773 rcv_space:44888 rcv_ssthresh:267472 minrtt:2.298
Fr 13. Okt 15:04:36 CEST 2023
State Recv-Q Send-Q Local Address:Port Peer Address:Port Process
ESTAB 0      0      192.168.1.129:5001 192.168.1.12:33284 uid:1000 ino:77561 sk:1001 cgroup:/user.slice/user-1000.slice/user@1000.service/app.slice/app-org.gnome.Terminal.slice/vte-spawn-384dbf86-64d4-4232-aa46-1f2a921f220a.scope <->
	 skmem:(r0,rb537120,t0,tb87040,f0,w0,o0,bl0,d0) ts sack cubic wscale:6,7 rto:208 rtt:2.298/1.149 ato:40 mss:1448 pmtu:1500 rcvmss:1448 advmss:1448 cwnd:10 bytes_received:91580208 segs_out:30546 segs_in:63248 data_segs_in:63246 send 50409051bps lastsnd:8008 pacing_rate 100818096bps delivered:1 app_limited rcv_rtt:2.608 rcv_space:44888 rcv_ssthresh:267472 minrtt:2.298
Fr 13. Okt 15:04:37 CEST 2023
State Recv-Q Send-Q Local Address:Port Peer Address:Port Process
ESTAB 0      0      192.168.1.129:5001 192.168.1.12:33284 uid:1000 ino:77561 sk:1001 cgroup:/user.slice/user-1000.slice/user@1000.service/app.slice/app-org.gnome.Terminal.slice/vte-spawn-384dbf86-64d4-4232-aa46-1f2a921f220a.scope <->
	 skmem:(r0,rb537120,t2,tb87040,f0,w0,o0,bl0,d0) ts sack cubic wscale:6,7 rto:208 rtt:2.298/1.149 ato:40 mss:1448 pmtu:1500 rcvmss:1448 advmss:1448 cwnd:10 bytes_received:103141040 segs_out:34388 segs_in:71232 data_segs_in:71230 send 50409051bps lastsnd:9028 pacing_rate 100818096bps delivered:1 app_limited rcv_rtt:3.434 rcv_space:52128 rcv_ssthresh:267472 minrtt:2.298
Fr 13. Okt 15:04:38 CEST 2023
State Recv-Q Send-Q Local Address:Port Peer Address:Port Process
ESTAB 0      0      192.168.1.129:5001 192.168.1.12:33284 uid:1000 ino:77561 sk:1001 cgroup:/user.slice/user-1000.slice/user@1000.service/app.slice/app-org.gnome.Terminal.slice/vte-spawn-384dbf86-64d4-4232-aa46-1f2a921f220a.scope <->
	 skmem:(r0,rb537120,t2,tb87040,f0,w0,o0,bl0,d0) ts sack cubic wscale:6,7 rto:208 rtt:2.298/1.149 ato:40 mss:1448 pmtu:1500 rcvmss:1448 advmss:1448 cwnd:10 bytes_received:114924864 segs_out:38305 segs_in:79370 data_segs_in:79368 send 50409051bps lastsnd:10044 pacing_rate 100818096bps delivered:1 app_limited rcv_rtt:4.02 rcv_space:66608 rcv_ssthresh:267472 minrtt:2.298
Fr 13. Okt 15:04:39 CEST 2023
State Recv-Q Send-Q Local Address:Port Peer Address:PortProcess
Fr 13. Okt 15:04:40 CEST 2023
State Recv-Q Send-Q Local Address:Port Peer Address:PortProcess
Fr 13. Okt 15:04:41 CEST 2023
State Recv-Q Send-Q Local Address:Port Peer Address:PortProcess
Fr 13. Okt 15:04:42 CEST 2023
State Recv-Q Send-Q Local Address:Port Peer Address:PortProcess
Fr 13. Okt 15:04:43 CEST 2023
State Recv-Q Send-Q Local Address:Port Peer Address:PortProcess
Fr 13. Okt 15:04:44 CEST 2023
State Recv-Q Send-Q Local Address:Port Peer Address:PortProcess
Fr 13. Okt 15:04:45 CEST 2023
State Recv-Q Send-Q Local Address:Port Peer Address:PortProcess
Fr 13. Okt 15:04:46 CEST 2023
State Recv-Q Send-Q Local Address:Port Peer Address:PortProcess
Fr 13. Okt 15:04:47 CEST 2023
State Recv-Q Send-Q Local Address:Port Peer Address:PortProcess
Fr 13. Okt 15:04:48 CEST 2023
State Recv-Q Send-Q Local Address:Port Peer Address:PortProcess
Fr 13. Okt 15:04:49 CEST 2023
State Recv-Q Send-Q Local Address:Port Peer Address:PortProcess
Fr 13. Okt 15:04:50 CEST 2023
State Recv-Q Send-Q Local Address:Port Peer Address:PortProcess
Fr 13. Okt 15:04:51 CEST 2023
State Recv-Q Send-Q Local Address:Port Peer Address:PortProcess
Fr 13. Okt 15:04:52 CEST 2023
State Recv-Q Send-Q Local Address:Port Peer Address:PortProcess
Fr 13. Okt 15:04:53 CEST 2023
State Recv-Q Send-Q Local Address:Port Peer Address:PortProcess
Fr 13. Okt 15:04:54 CEST 2023
State Recv-Q Send-Q Local Address:Port Peer Address:PortProcess
Fr 13. Okt 15:04:55 CEST 2023
State Recv-Q Send-Q Local Address:Port Peer Address:PortProcess
Fr 13. Okt 15:04:56 CEST 2023
State Recv-Q Send-Q Local Address:Port Peer Address:PortProcess
Fr 13. Okt 15:04:57 CEST 2023
State Recv-Q Send-Q Local Address:Port Peer Address:PortProcess
Fr 13. Okt 15:04:58 CEST 2023
State Recv-Q Send-Q Local Address:Port Peer Address:PortProcess
Fr 13. Okt 15:04:59 CEST 2023
State Recv-Q Send-Q Local Address:Port Peer Address:PortProcess
